<?xml version="1.0" encoding="UTF-8"?>
<testng-results skipped="0" failed="0" ignored="0" total="1" passed="1">
  <reporter-output>
  </reporter-output>
  <suite name="Default suite" duration-ms="38061" started-at="2020-09-07T23:35:50 IST" finished-at="2020-09-07T23:36:28 IST">
    <groups>
    </groups>
    <test name="Default test" duration-ms="38061" started-at="2020-09-07T23:35:50 IST" finished-at="2020-09-07T23:36:28 IST">
      <class name="Scripts.LoginwithUNandPW$Loginforblankfieldsandvalidate">
        <test-method status="PASS" signature="Login()[pri:0, instance:Scripts.LoginwithUNandPW$Loginforblankfieldsandvalidate@5ce81285]" name="Login" duration-ms="37850" started-at="2020-09-07T23:35:50 IST" finished-at="2020-09-07T23:36:28 IST">
          <reporter-output>
          </reporter-output>
        </test-method> <!-- Login -->
      </class> <!-- Scripts.LoginwithUNandPW$Loginforblankfieldsandvalidate -->
    </test> <!-- Default test -->
  </suite> <!-- Default suite -->
</testng-results>
